MPASM 5.62                          BOOP.ASM   3-31-2021  19:36:09         PAGE  1


LOC  OBJECT CODE     LINE SOURCE TEXT
  VALUE

                      00001 ;**********************************************************************
                      00002 ;   This file is a basic code template for assembly code generation   *
                      00003 ;   on the PIC12F683. This file contains the basic code               *
                      00004 ;   building blocks to build upon.                                    *
                      00005 ;                                                                     *
                      00006 ;   Refer to the MPASM User's Guide for additional information on     *
                      00007 ;   features of the assembler (Document DS33014).                     *
                      00008 ;                                                                     *
                      00009 ;   Refer to the respective PIC data sheet for additional             *
                      00010 ;   information on the instruction set.                               *
                      00011 ;                                                                     *
                      00012 ;**********************************************************************
                      00013 ;                                                                     *
                      00014 ;    Filename:      xxx.asm                                           *
                      00015 ;    Date:                                                            *
                      00016 ;    File Version:                                                    *
                      00017 ;                                                                     *
                      00018 ;    Author:                                                          *
                      00019 ;    Company:                                                         *
                      00020 ;                                                                     *
                      00021 ;                                                                     *
                      00022 ;**********************************************************************
                      00023 ;                                                                     *
                      00024 ;    Files Required: P12F683.INC                                      *
                      00025 ;                                                                     *
                      00026 ;**********************************************************************
                      00027 ;                                                                     *
                      00028 ;    Notes:                                                           *
                      00029 ;                                                                     *
                      00030 ;**********************************************************************
                      00031 
                      00032         list      p=12F683        ; list directive to define processor
                      00033         #include <p12F683.inc>    ; processor specific variable definitions
                      00001         LIST
                      00002 
                      00003 ;==========================================================================
                      00004 ; Build date : Apr 06 2015
                      00005 ;  MPASM PIC12F683 processor include
                      00006 ; 
                      00007 ;  (c) Copyright 1999-2015 Microchip Technology, All rights reserved
                      00008 ;==========================================================================
                      00009 
                      00460         LIST
                      00034 
                      00035         ;errorlevel  -302          ; suppress message 302 from list file
                      00036 
2007   30C2           00037         __CONFIG   _FCMEN_OFF & _IESO_OFF & _CP_OFF & _CPD_OFF & _BOD_OFF & _MCLRE_OFF & _WDT_OFF & _PWR
                            TE_ON & _FOSC_HS
                      00038 
                      00039 ; '__CONFIG' directive is used to embed configuration word within .asm file.
                      00040 ; The lables following the directive are located in the respective .inc file.
                      00041 ; See data sheet for additional information on configuration word settings.
                      00042 ;_INTRC_OSC_NOCLKOUT 
MPASM 5.62                          BOOP.ASM   3-31-2021  19:36:09         PAGE  2


LOC  OBJECT CODE     LINE SOURCE TEXT
  VALUE

                      00043 
                      00044 
                      00045 
                      00046 ;***** VARIABLE DEFINITIONS
  0000007E            00047 bitcount      EQU     0x7E        ; Number of SCK pulses stored here for SPI transfer
  0000007F            00048 status_temp   EQU     0x7F        ; temporary variables (for delays)
  00000021            00049 write_reg     EQU     0x21        ; Register for SPI write
  00000022            00050 read_reg      EQU     0x22        ; Register for SPI read (for testing, not used in final code)
  00000023            00051 temp_reg      EQU     0x23        ; temporary variables (for SPI read)
  00000024            00052 bigstep       EQU     0x24        ; variable for long delay
  00000025            00053 smallstep     EQU     0x25        ; variable for long delay
  00000026            00054 fgpio         EQU     0x26        ; Fake GPIO register. The actual GPIO doesn't latch and resets all oth
                            er bits when
                      00055                                   ; one bit is cleared/set, so this register is treated like the GPIO re
                            gister meaning
                      00056                                   ; it's bits are set and cleared, and then this reg is transferred to t
                            he actual GPIO reg.
  00000027            00057 audiocount    EQU     0x27
  00000028            00058 count1        EQU     0x28
  00000029            00059 count2        EQU     0x29
  0000002A            00060 currenta      EQU     0x2A
  0000002B            00061 pickend2      EQU     0x2B
                      00062 ;wubend1              EQU     0x2C
  0000002D            00063 wubend2       EQU     0x2D
                      00064 ;yeahend1      EQU     0x2E
  0000002F            00065 yeahend2      EQU     0x2F
                      00066 
                      00067       
                      00068 ;GPIO0 is SCLK
                      00069 ;GPIO1 is D-OUT
                      00070 ;GPIO2 is CS for DAC
                      00071 ;GPIO4 is OSC1
                      00072 ;GPIO5 is OSC2
                      00073               
                      00074 ;**********************************************************************
                      00075         ORG     0x000             ; processor reset vector
0000   2???           00076         goto    init              ; go to beginning of program
                      00077         
0001                  00078 init ;Initializing the registers
0001   3020           00079         movlw 0x20
0002   0083           00080         movwf STATUS ;Select bank 1
                      00081         
0003   3000           00082         movlw 0x00
0004   0083           00083         movwf STATUS ;Select bank 0
0005   008B           00084         movwf INTCON ;No external interrupts enabled
                      00085         
0006   3020           00086         movlw 0x20
0007   0083           00087         movwf STATUS ;Select bank 1
0008   3008           00088         movlw 0x08
Message[302]: Register in operand not in bank 0.  Ensure that bank bits are correct.
0009   008F           00089         movwf OSCCON
000A   3000           00090         movlw 0x00
Message[302]: Register in operand not in bank 0.  Ensure that bank bits are correct.
MPASM 5.62                          BOOP.ASM   3-31-2021  19:36:09         PAGE  3


LOC  OBJECT CODE     LINE SOURCE TEXT
  VALUE

000B   0085           00091         movwf TRISIO ;GPI/O 0-2 are set as outputs
Message[302]: Register in operand not in bank 0.  Ensure that bank bits are correct.
000C   008C           00092         movwf PIE1 ;No internal interrupts enabled
                      00093         
000D   3000           00094         movlw 0x00
000E   0083           00095         movwf STATUS ;Select bank 0
000F   3000           00096         movlw 0x00
0010   0085           00097         movwf GPIO
0011   2???           00098         goto main
                      00099         
                      00100         
                      00101         
0012                  00102 main
                      00103 
                      00104 ; main code
                      00105         
0012   2???           00106         call longdelay
0013   2???           00107         call longdelay
0014   3053           00108         movlw 0x53
0015   00AB           00109         movwf pickend2
0016   3056           00110         movlw 0x56
0017   00AD           00111         movwf wubend2
0018   3048           00112         movlw 0x48
0019   00AF           00113         movwf yeahend2
001A   3088           00114         movlw 0x88
001B   00A8           00115         movwf count1
001C   3002           00116         movlw 0x02
001D   00A7           00117         movwf audiocount
                      00118         
001E   3000           00119         movlw 0x00
001F   00A6           00120         movwf fgpio
0020   00A9           00121         movwf count2
0021   1526           00122         bsf fgpio, 0x02
0022   0826           00123         movfw fgpio
0023   0085           00124         movwf GPIO
                      00125         
0024   0826           00126         movfw fgpio
0025   0085           00127         movwf GPIO
0026   3003           00128         movlw 0x03
0027   00A1           00129         movwf write_reg
0028   2???           00130         call spi
0029   3000           00131         movlw 0x00
002A   00A1           00132         movwf write_reg
002B   2???           00133         call spi
002C   2???           00134         call spi
                      00135         
Warning[207]: Found label after column 1. (waitloop)
002D                  00136     waitloop
002D   0805           00137         movfw GPIO
002E   00A3           00138         movwf temp_reg
002F   1DA3           00139         btfss temp_reg, 0x03
0030   2???           00140         goto select
0031   2???           00141         goto waitloop
MPASM 5.62                          BOOP.ASM   3-31-2021  19:36:09         PAGE  4


LOC  OBJECT CODE     LINE SOURCE TEXT
  VALUE

                      00142         
Warning[207]: Found label after column 1. (select)
0032                  00143     select
0032   2???           00144         call longdelay
0033   082B           00145         movfw pickend2
0034   18A7           00146         btfsc audiocount, 0x01
0035   2???           00147         goto load
0036   082D           00148         movfw wubend2
0037   1827           00149         btfsc audiocount, 0x00
0038   2???           00150         goto load
0039   3003           00151         movlw 0x03
003A   00A7           00152         movwf audiocount
003B   082F           00153         movfw yeahend2
Warning[207]: Found label after column 1. (load)
003C                  00154         load
003C   00A3           00155         movwf temp_reg
Message[305]: Using default destination of 1 (file).
003D   03A7           00156         decf audiocount
                      00157         
Warning[207]: Found label after column 1. (nextbyte)
003E                  00158     nextbyte ;Program loop
003E   1126           00159         bcf fgpio, 0x02
003F   0826           00160         movfw fgpio
0040   0085           00161         movwf GPIO
0041   2???           00162         call spiz
0042   2???           00163         call spiz
0043   1526           00164         bsf fgpio, 0x02
0044   0826           00165         movfw fgpio
0045   0085           00166         movwf GPIO
                      00167         ;call delay
0046   2???           00168         goto checkend
                      00169         ;goto nextbyte
                      00170         
                      00171         
                      00172         
                      00173         
Warning[207]: Found label after column 1. (spi)
0047                  00174     spi ;Initial SPI code to send the READ inst and Address to EEPROM at the beginning
0047   3008           00175         movlw 0x08
0048   00FE           00176         movwf bitcount
                      00177         ;movlw 0x00
                      00178         ;movwf read_reg
Warning[207]: Found label after column 1. (loop)
0049                  00179         loop
0049   1BA1           00180         btfsc write_reg, 0x07
004A   2???           00181         goto writeone
004B   2???           00182         goto writezero
                      00183         
Warning[207]: Found label after column 1. (writeone)
004C                  00184     writeone ;;If current bit in write_register is 1
004C   14A6           00185         bsf fgpio, 0x01
004D   0826           00186         movfw fgpio
004E   0085           00187         movwf GPIO
MPASM 5.62                          BOOP.ASM   3-31-2021  19:36:09         PAGE  5


LOC  OBJECT CODE     LINE SOURCE TEXT
  VALUE

004F   1426           00188         bsf fgpio, 0x00
0050   0826           00189         movfw fgpio
0051   0085           00190         movwf GPIO
                      00191         ;call read
0052   2???           00192         goto keepgoing
                      00193         
                      00194         
Warning[207]: Found label after column 1. (writezero)
0053                  00195     writezero ;If current bit in write_register is 0
0053   1426           00196         bsf fgpio, 0x00
0054   0826           00197         movfw fgpio
0055   0085           00198         movwf GPIO
                      00199         ;call read
0056   2???           00200         goto keepgoing
                      00201         
                      00202     ;read
                      00203         ;bcf STATUS, 0x00
                      00204         ;bcf STATUS, 0x01
                      00205         ;movfw GPIO
                      00206         ;movwf temp_reg
                      00207         ;btfsc temp_reg, 0x03
                      00208         ;goto shiftone
                      00209         ;rlf read_reg
                      00210         ;bcf STATUS, 0x00
                      00211         ;bcf STATUS, 0x01
                      00212         ;bcf temp_reg, 0x03
                      00213         ;return
                      00214         ;shiftone
                      00215         ;rlf read_reg
                      00216         ;incf read_reg
                      00217         ;bcf STATUS, 0x00
                      00218         ;bcf STATUS, 0x01
                      00219         ;bcf temp_reg, 0x03
                      00220         ;return
                      00221         
                      00222         
Warning[207]: Found label after column 1. (keepgoing)
0057                  00223     keepgoing ;End of the SPI protocol where SCK is lowered and the delays are called
0057   2???           00224         call delay
0058   1026           00225         bcf fgpio, 0x00
0059   10A6           00226         bcf fgpio, 0x01
005A   0826           00227         movfw fgpio
005B   0085           00228         movwf GPIO
005C   2???           00229         call delay
005D   1003           00230         bcf STATUS, 0x00
005E   1083           00231         bcf STATUS, 0x01
Message[305]: Using default destination of 1 (file).
005F   0DA1           00232         rlf write_reg ;Write register contents are shifted for next transfer
0060   1003           00233         bcf STATUS, 0x00
0061   1083           00234         bcf STATUS, 0x01
Message[305]: Using default destination of 1 (file).
0062   0BFE           00235         decfsz bitcount ;Checking if it's been 8 clock pulses yet
0063   2???           00236         goto loop
MPASM 5.62                          BOOP.ASM   3-31-2021  19:36:09         PAGE  6


LOC  OBJECT CODE     LINE SOURCE TEXT
  VALUE

0064   0008           00237         return
                      00238 
                      00239         
                      00240         
Warning[207]: Found label after column 1. (delay)
0065                  00241     delay ;Delay adjusted to make the audio sound closest to actual mp3 file
0065   3003           00242         movlw 0x03
0066   00FF           00243         movwf status_temp
0067   0000           00244         nop
Warning[207]: Found label after column 1. (delayloop)
0068                  00245         delayloop
Message[305]: Using default destination of 1 (file).
0068   0BFF           00246         decfsz status_temp
0069   2???           00247         goto delayloop
006A   0008           00248         return
                      00249         
                      00250 
Warning[207]: Found label after column 1. (spiz)
006B                  00251     spiz ;SPI for transfer between EEPROM and DAC (faster than normal SPI)
006B   3008           00252         movlw 0x08
006C   00FE           00253         movwf bitcount
Warning[207]: Found label after column 1. (loopz)
006D                  00254         loopz
006D   1426           00255         bsf fgpio, 0x00
006E   0826           00256         movfw fgpio
006F   0085           00257         movwf GPIO
0070   2???           00258         call delay
0071   1026           00259         bcf fgpio, 0x00
0072   0826           00260         movfw fgpio
0073   0085           00261         movwf GPIO
0074   2???           00262         call delay
Message[305]: Using default destination of 1 (file).
0075   0BFE           00263         decfsz bitcount ;Pulses the clock 8 times for EEPROM-DAC transfer
0076   2???           00264         goto loopz
0077   0008           00265         return
                      00266         
                      00267         
Warning[207]: Found label after column 1. (checkend)
0078                  00268     checkend
Message[305]: Using default destination of 1 (file).
0078   0BA8           00269         decfsz count1
0079   2???           00270         goto nextbyte
007A   3088           00271         movlw 0x88
007B   00A8           00272         movwf count1
Message[305]: Using default destination of 1 (file).
007C   0BA3           00273         decfsz temp_reg
007D   2???           00274         goto nextbyte
007E   3000           00275         movlw 0x00
007F   00A3           00276         movwf temp_reg
0080   2???           00277         goto waitloop
                      00278         
                      00279 
                      00280     
MPASM 5.62                          BOOP.ASM   3-31-2021  19:36:09         PAGE  7


LOC  OBJECT CODE     LINE SOURCE TEXT
  VALUE

Warning[207]: Found label after column 1. (longdelay)
0081                  00281     longdelay ;Longer delay
0081   30FF           00282         movlw 0xFF
0082   00A4           00283         movwf bigstep
Warning[207]: Found label after column 1. (delayloop_1)
0083                  00284         delayloop_1
0083   0000           00285         nop
0084   0000           00286         nop
0085   0000           00287         nop
0086   0000           00288         nop
0087   30FF           00289         movlw 0xFF
0088   00A5           00290         movwf smallstep
Warning[207]: Found label after column 1. (subdelayloop_1)
0089                  00291         subdelayloop_1
0089   0000           00292         nop
008A   0000           00293         nop
008B   0000           00294         nop
008C   0000           00295         nop
Message[305]: Using default destination of 1 (file).
008D   0BA5           00296         decfsz smallstep
008E   2???           00297         goto subdelayloop_1
Message[305]: Using default destination of 1 (file).
008F   0BA4           00298         decfsz bigstep
0090   2???           00299         goto delayloop_1
0091   0008           00300         return
                      00301 
                      00302 
30C2                  00303         END                       ; directive 'end of program'
MPASM 5.62                          BOOP.ASM   3-31-2021  19:36:09         PAGE  8


SYMBOL TABLE
  LABEL                             VALUE 

ADCON0                            0000001F
ADCS0                             00000004
ADCS1                             00000005
ADCS2                             00000006
ADFM                              00000007
ADIE                              00000006
ADIF                              00000006
ADON                              00000000
ADRESH                            0000001E
ADRESL                            0000009E
ANS0                              00000000
ANS1                              00000001
ANS2                              00000002
ANS3                              00000003
ANSEL                             0000009F
C                                 00000000
CCP1CON                           00000015
CCP1IE                            00000005
CCP1IF                            00000005
CCP1M0                            00000000
CCP1M1                            00000001
CCP1M2                            00000002
CCP1M3                            00000003
CCPR1                             00000013
CCPR1H                            00000014
CCPR1L                            00000013
CHS0                              00000002
CHS1                              00000003
CHS2                              00000004
CINV                              00000004
CIS                               00000003
CM0                               00000000
CM1                               00000001
CM2                               00000002
CMCON0                            00000019
CMCON1                            0000001A
CMIE                              00000003
CMIF                              00000003
CMSYNC                            00000000
COUT                              00000006
DC                                00000001
DC1B0                             00000004
DC1B1                             00000005
EEADR                             0000009B
EECON1                            0000009C
EECON2                            0000009D
EEDAT                             0000009A
EEDATA                            0000009A
EEIE                              00000007
EEIF                              00000007
F                                 00000001
FSR                               00000004
GIE                               00000007
MPASM 5.62                          BOOP.ASM   3-31-2021  19:36:09         PAGE  9


SYMBOL TABLE
  LABEL                             VALUE 

GO                                00000001
GO_DONE                           00000001
GO_NOT_DONE                       00000001
GP0                               00000000
GP1                               00000001
GP2                               00000002
GP3                               00000003
GP4                               00000004
GP5                               00000005
GPIE                              00000003
GPIF                              00000000
GPIO                              00000005
HTS                               00000002
INDF                              00000000
INTCON                            0000000B
INTE                              00000004
INTEDG                            00000006
INTF                              00000001
IOC                               00000096
IOC0                              00000000
IOC1                              00000001
IOC2                              00000002
IOC3                              00000003
IOC4                              00000004
IOC5                              00000005
IOCA                              00000096
IOCA0                             00000000
IOCA1                             00000001
IOCA2                             00000002
IOCA3                             00000003
IOCA4                             00000004
IOCA5                             00000005
IRCF0                             00000004
IRCF1                             00000005
IRCF2                             00000006
IRP                               00000007
LTS                               00000001
NOT_BOD                           00000000
NOT_DONE                          00000001
NOT_GPPU                          00000007
NOT_PD                            00000003
NOT_POR                           00000001
NOT_T1SYNC                        00000002
NOT_TO                            00000004
OPTION_REG                        00000081
OSCCON                            0000008F
OSCTUNE                           00000090
OSFIE                             00000002
OSFIF                             00000002
OSTS                              00000003
PCL                               00000002
PCLATH                            0000000A
PCON                              0000008E
MPASM 5.62                          BOOP.ASM   3-31-2021  19:36:09         PAGE 10


SYMBOL TABLE
  LABEL                             VALUE 

PEIE                              00000006
PIE1                              0000008C
PIR1                              0000000C
PR2                               00000092
PS0                               00000000
PS1                               00000001
PS2                               00000002
PSA                               00000003
RD                                00000000
RP0                               00000005
RP1                               00000006
SBODEN                            00000004
SCS                               00000000
STATUS                            00000003
SWDTEN                            00000000
T0CS                              00000005
T0IE                              00000005
T0IF                              00000002
T0SE                              00000004
T1CKPS0                           00000004
T1CKPS1                           00000005
T1CON                             00000010
T1GE                              00000006
T1GINV                            00000007
T1GSS                             00000001
T1IE                              00000000
T1IF                              00000000
T1OSCEN                           00000003
T2CKPS0                           00000000
T2CKPS1                           00000001
T2CON                             00000012
T2IE                              00000001
T2IF                              00000001
TMR0                              00000001
TMR0IE                            00000005
TMR0IF                            00000002
TMR1                              0000000E
TMR1CS                            00000001
TMR1GE                            00000006
TMR1H                             0000000F
TMR1IE                            00000000
TMR1IF                            00000000
TMR1L                             0000000E
TMR1ON                            00000000
TMR2                              00000011
TMR2IE                            00000001
TMR2IF                            00000001
TMR2ON                            00000002
TOUTPS0                           00000003
TOUTPS1                           00000004
TOUTPS2                           00000005
TOUTPS3                           00000006
TRISIO                            00000085
MPASM 5.62                          BOOP.ASM   3-31-2021  19:36:09         PAGE 11


SYMBOL TABLE
  LABEL                             VALUE 

TRISIO0                           00000000
TRISIO1                           00000001
TRISIO2                           00000002
TRISIO3                           00000003
TRISIO4                           00000004
TRISIO5                           00000005
TUN0                              00000000
TUN1                              00000001
TUN2                              00000002
TUN3                              00000003
TUN4                              00000004
ULPWUE                            00000005
VCFG                              00000006
VR0                               00000000
VR1                               00000001
VR2                               00000002
VR3                               00000003
VRCON                             00000099
VREN                              00000007
VRR                               00000005
W                                 00000000
WDTCON                            00000018
WDTPS0                            00000001
WDTPS1                            00000002
WDTPS2                            00000003
WDTPS3                            00000004
WPU                               00000095
WPU0                              00000000
WPU1                              00000001
WPU2                              00000002
WPU4                              00000004
WPU5                              00000005
WPUA                              00000095
WPUA0                             00000000
WPUA1                             00000001
WPUA2                             00000002
WPUA4                             00000004
WPUA5                             00000005
WR                                00000001
WREN                              00000002
WRERR                             00000003
Z                                 00000002
_BOD_NSLEEP                       00003EFF
_BOD_OFF                          00003CFF
_BOD_ON                           00003FFF
_BOD_SBODEN                       00003DFF
_BOREN_NSLEEP                     00003EFF
_BOREN_OFF                        00003CFF
_BOREN_ON                         00003FFF
_BOREN_SBODEN                     00003DFF
_CONFIG                           00002007
_CPD_OFF                          00003FFF
_CPD_ON                           00003F7F
MPASM 5.62                          BOOP.ASM   3-31-2021  19:36:09         PAGE 12


SYMBOL TABLE
  LABEL                             VALUE 

_CP_OFF                           00003FFF
_CP_ON                            00003FBF
_DEVID1                           00002006
_EC_OSC                           00003FFB
_EXTRC                            00003FFF
_EXTRCIO                          00003FFE
_EXTRC_OSC_CLKOUT                 00003FFF
_EXTRC_OSC_NOCLKOUT               00003FFE
_FCMEN_OFF                        000037FF
_FCMEN_ON                         00003FFF
_FOSC_EC                          00003FFB
_FOSC_EXTRCCLK                    00003FFF
_FOSC_EXTRCIO                     00003FFE
_FOSC_HS                          00003FFA
_FOSC_INTOSCCLK                   00003FFD
_FOSC_INTOSCIO                    00003FFC
_FOSC_LP                          00003FF8
_FOSC_XT                          00003FF9
_HS_OSC                           00003FFA
_IDLOC0                           00002000
_IDLOC1                           00002001
_IDLOC2                           00002002
_IDLOC3                           00002003
_IESO_OFF                         00003BFF
_IESO_ON                          00003FFF
_INTOSC                           00003FFD
_INTOSCIO                         00003FFC
_INTRC_OSC_CLKOUT                 00003FFD
_INTRC_OSC_NOCLKOUT               00003FFC
_LP_OSC                           00003FF8
_MCLRE_OFF                        00003FDF
_MCLRE_ON                         00003FFF
_PWRTE_OFF                        00003FFF
_PWRTE_ON                         00003FEF
_WDTE_OFF                         00003FF7
_WDTE_ON                          00003FFF
_WDT_OFF                          00003FF7
_WDT_ON                           00003FFF
_XT_OSC                           00003FF9
__12F683                          00000001
audiocount                        00000027
bigstep                           00000024
bitcount                          0000007E
checkend                          00000078
count1                            00000028
count2                            00000029
currenta                          0000002A
delay                             00000065
delayloop                         00000068
delayloop_1                       00000083
fgpio                             00000026
init                              00000001
keepgoing                         00000057
MPASM 5.62                          BOOP.ASM   3-31-2021  19:36:09         PAGE 13


SYMBOL TABLE
  LABEL                             VALUE 

load                              0000003C
longdelay                         00000081
loop                              00000049
loopz                             0000006D
main                              00000012
nextbyte                          0000003E
pickend2                          0000002B
read_reg                          00000022
select                            00000032
smallstep                         00000025
spi                               00000047
spiz                              0000006B
status_temp                       0000007F
subdelayloop_1                    00000089
temp_reg                          00000023
waitloop                          0000002D
write_reg                         00000021
writeone                          0000004C
writezero                         00000053
wubend2                           0000002D
yeahend2                          0000002F

Errors   :     0
Warnings :    17 reported,     0 suppressed
Messages :    12 reported,     0 suppressed

